[Cortex] Initialized with N=3, H_threshold=1.0
[InsightMorpher] Initializing T-10 Synthesis for 3 signals...
[InsightMorpher] Morphing signal: S_001
[Cortex] Processing input: S_001 (Phase: LIQUID)
[Cortex] Input S_001 committed successfully.
[InsightMorpher] Morphing signal: S_002
[Cortex] Processing input: S_002 (Phase: LIQUID)
[Cortex] Input S_002 committed successfully.
[InsightMorpher] Morphing signal: S_003
[Cortex] Processing input: S_003 (Phase: LIQUID)
[Cortex] Phase Boundary Detected (H > 1.0)! Transitioning to GASEOUS.
[Cortex] Reflection Cycle Depth: 1/3
[Cortex] Self-Consistency Verified at depth 1.
[Cortex] Input S_003 committed successfully.
[InsightMorpher] Synthesis complete. Successfully ingested 3/3 signals.
[Cortex] Initialized with N=3, H_threshold=1.0
[InsightMorpher] Initializing T-10 Synthesis for 3 signals...
[InsightMorpher] Morphing signal: S_20260603_01
[Cortex] Processing input: S_20260603_01 (Phase: LIQUID)
[Cortex] Input S_20260603_01 committed successfully.
[InsightMorpher] Morphing signal: S_20260603_02
[Cortex] Processing input: S_20260603_02 (Phase: LIQUID)
[Cortex] Input S_20260603_02 committed successfully.
[InsightMorpher] Morphing signal: S_20260603_03
[Cortex] Processing input: S_20260603_03 (Phase: LIQUID)
[Cortex] Phase Boundary Detected (H > 1.0)! Transitioning to GASEOUS.
[Cortex] Reflection Cycle Depth: 1/3
[Cortex] Self-Consistency Verified at depth 1.
[Cortex] Input S_20260603_03 committed successfully.
[InsightMorpher] Synthesis complete. Successfully ingested 3/3 signals.

[SUCCESS] All signals successfully ingested into the continuum deterministically.
[Cortex] Initialized with N=3, H_threshold=1.0
[InsightMorpher] Initializing T-10 Synthesis for 3 signals...
[InsightMorpher] Morphing signal: S_001
[Cortex] Processing input: S_001 (Phase: LIQUID)
[Cortex] Input S_001 committed successfully.
[InsightMorpher] Morphing signal: S_002
[Cortex] Processing input: S_002 (Phase: LIQUID)
[Cortex] Input S_002 committed successfully.
[InsightMorpher] Morphing signal: S_003
[Cortex] Processing input: S_003 (Phase: LIQUID)
[Cortex] Phase Boundary Detected (H > 1.0)! Transitioning to GASEOUS.
[Cortex] Reflection Cycle Depth: 1/3
[Cortex] Self-Consistency Verified at depth 1.
[Cortex] Input S_003 committed successfully.
[InsightMorpher] Synthesis complete. Successfully ingested 3/3 signals.

[SUCCESS] All signals successfully ingested into the continuum deterministically.
[2026-06-05] T-10 Ingestion completed. 3 signals morphed.
[InsightMorpher] Initializing T-10 Synthesis for 3 signals...
[InsightMorpher] Morphing signal: S-001
[Cortex] Processing input: S-001 (Phase: LIQUID)
[InsightMorpher] Error parsing signals.json: near "-": syntax error
[InsightMorpher] Initializing T-10 Synthesis for 3 signals...
[InsightMorpher] Morphing signal: SIG_R1_001
[Cortex] Processing input: SIG_R1_001 (Phase: LIQUID)
[Cortex] Input SIG_R1_001 committed successfully.
[InsightMorpher] Morphing signal: SIG_R1_002
[Cortex] Processing input: SIG_R1_002 (Phase: LIQUID)
[Cortex] Input SIG_R1_002 committed successfully.
[InsightMorpher] Morphing signal: SIG_R1_003
[Cortex] Processing input: SIG_R1_003 (Phase: LIQUID)
[Cortex] Phase Boundary Detected (H > 1.0)! Transitioning to GASEOUS.
[Cortex] Reflection Cycle Depth: 1/3
[Cortex] Self-Consistency Verified at depth 1.
[Cortex] Input SIG_R1_003 committed successfully.
[InsightMorpher] Synthesis complete. Successfully ingested 3/3 signals.
[Cortex] Initialized with N=3, H_threshold=1.0
[InsightMorpher] Initializing T-10 Synthesis for 3 signals...
[InsightMorpher] Morphing signal: SIG_R1_001
[Cortex] Processing input: SIG_R1_001 (Phase: LIQUID)
[Cortex] Input SIG_R1_001 committed successfully.
[InsightMorpher] Morphing signal: SIG_R1_002
[Cortex] Processing input: SIG_R1_002 (Phase: LIQUID)
[Cortex] Input SIG_R1_002 committed successfully.
[InsightMorpher] Morphing signal: SIG_R1_003
[Cortex] Processing input: SIG_R1_003 (Phase: LIQUID)
[Cortex] Phase Boundary Detected (H > 1.0)! Transitioning to GASEOUS.
[Cortex] Reflection Cycle Depth: 1/3
[Cortex] Self-Consistency Verified at depth 1.
[Cortex] Input SIG_R1_003 committed successfully.
[InsightMorpher] Synthesis complete. Successfully ingested 3/3 signals.
[Cortex] Initialized with N=3, H_threshold=1.0
[InsightMorpher] Initializing T-10 Synthesis for 3 signals...
[InsightMorpher] Morphing signal: SIG_R1_001
[Cortex] Processing input: SIG_R1_001 (Phase: LIQUID)
[Cortex] Input SIG_R1_001 committed successfully.
[InsightMorpher] Morphing signal: SIG_R1_002
[Cortex] Processing input: SIG_R1_002 (Phase: LIQUID)
[Cortex] Input SIG_R1_002 committed successfully.
[InsightMorpher] Morphing signal: SIG_R1_003
[Cortex] Processing input: SIG_R1_003 (Phase: LIQUID)
[Cortex] Phase Boundary Detected (H > 1.0)! Transitioning to GASEOUS.
[Cortex] Reflection Cycle Depth: 1/3
[Cortex] Self-Consistency Verified at depth 1.
[Cortex] Input SIG_R1_003 committed successfully.
[InsightMorpher] Synthesis complete. Successfully ingested 3/3 signals.
