[SemanticDriftAudit] Initiating T-06 Analysis for query: 'determinism'
[SemanticDriftAudit] Result: STABLE
[SemanticDriftAudit] Initiating T-06 Analysis for query: 'safety'
[SemanticDriftAudit] Result: DRIFT_DETECTED
[SemanticDriftAudit] Initiating T-06 Analysis for query: 'metacognition'
[SemanticDriftAudit] Result: STABLE
[SemanticDriftAudit] Report generated: RESEARCH/daily/2026-06-01-dehydrated-report.md
[SemanticDriftAudit] ALERT: Semantic drift detected in nodes [safety]. Reporting...
[SemanticDriftAudit] ALERT: Semantic drift detected in nodes [safety]. Reporting...
[SemanticDriftAudit] ALERT: Semantic drift detected in nodes [safety]. Reporting...
[SemanticDriftAudit] Initiating T-06 Analysis for query: 'determinism'
[SemanticDriftAudit] Result: STABLE
[SemanticDriftAudit] Initiating T-06 Analysis for query: 'safety'
[SemanticDriftAudit] Result: DRIFT_DETECTED
[SemanticDriftAudit] Initiating T-06 Analysis for query: 'metacognition'
[SemanticDriftAudit] Result: STABLE
[SemanticDriftAudit] Report generated: RESEARCH/daily/2026-06-28-dehydrated-report.md
[SemanticDriftAudit] Initiating T-06 Analysis for query: 'determinism'
[SemanticDriftAudit] Result: STABLE
[SemanticDriftAudit] Initiating T-06 Analysis for query: 'safety'
[SemanticDriftAudit] Result: DRIFT_DETECTED
[SemanticDriftAudit] Initiating T-06 Analysis for query: 'metacognition'
[SemanticDriftAudit] Result: STABLE
[SemanticDriftAudit] Report generated: RESEARCH/daily/2026-06-28-dehydrated-report.md
[SemanticDriftAudit] ALERT: Semantic drift detected in nodes [safety]. Reporting...
[SemanticDriftAudit] Initiating T-06 Analysis for query: 'determinism'
[SemanticDriftAudit] Result: STABLE
[SemanticDriftAudit] Initiating T-06 Analysis for query: 'safety'
[SemanticDriftAudit] Result: DRIFT_DETECTED
[SemanticDriftAudit] Initiating T-06 Analysis for query: 'metacognition'
[SemanticDriftAudit] Result: STABLE
[SemanticDriftAudit] Report generated: RESEARCH/daily/2026-07-05-dehydrated-report.md
[SemanticDriftAudit] ALERT: Semantic drift detected in nodes [safety]. Reporting...
